29-Jul-2020 20:02:20.087 信息 [main] org.apache.catalina.startup.VersionLoggerListener.log Server.服务器版本: Apache Tomcat/8.5.56
29-Jul-2020 20:02:20.123 信息 [main] org.apache.catalina.startup.VersionLoggerListener.log 服务器构建:        Jun 3 2020 20:18:30 UTC
29-Jul-2020 20:02:20.126 信息 [main] org.apache.catalina.startup.VersionLoggerListener.log 服务器版本号(:     8.5.56.0
29-Jul-2020 20:02:20.126 信息 [main] org.apache.catalina.startup.VersionLoggerListener.log 操作系统名称:      Windows 10
29-Jul-2020 20:02:20.126 信息 [main] org.apache.catalina.startup.VersionLoggerListener.log OS.版本:           10.0
29-Jul-2020 20:02:20.126 信息 [main] org.apache.catalina.startup.VersionLoggerListener.log 架构:              amd64
29-Jul-2020 20:02:20.126 信息 [main] org.apache.catalina.startup.VersionLoggerListener.log Java 环境变量:     F:\java\javaInstallPlace\jdk8_Installplace\jre
29-Jul-2020 20:02:20.127 信息 [main] org.apache.catalina.startup.VersionLoggerListener.log Java虚拟机版本:    1.8.0_191-b12
29-Jul-2020 20:02:20.127 信息 [main] org.apache.catalina.startup.VersionLoggerListener.log JVM.供应商:        Oracle Corporation
29-Jul-2020 20:02:20.127 信息 [main] org.apache.catalina.startup.VersionLoggerListener.log CATALINA_BASE:     C:\apache-tomcat-8.5.56-windows-x64
29-Jul-2020 20:02:20.127 信息 [main] org.apache.catalina.startup.VersionLoggerListener.log CATALINA_HOME:     C:\apache-tomcat-8.5.56-windows-x64
29-Jul-2020 20:02:20.128 信息 [main] org.apache.catalina.startup.VersionLoggerListener.log 命令行参数：-Djava.util.logging.config.file=C:\apache-tomcat-8.5.56-windows-x64\conf\logging.properties
29-Jul-2020 20:02:20.128 信息 [main] org.apache.catalina.startup.VersionLoggerListener.log 命令行参数：-Djava.util.logging.manager=org.apache.juli.ClassLoaderLogManager
29-Jul-2020 20:02:20.128 信息 [main] org.apache.catalina.startup.VersionLoggerListener.log 命令行参数：-Djdk.tls.ephemeralDHKeySize=2048
29-Jul-2020 20:02:20.128 信息 [main] org.apache.catalina.startup.VersionLoggerListener.log 命令行参数：-Djava.protocol.handler.pkgs=org.apache.catalina.webresources
29-Jul-2020 20:02:20.129 信息 [main] org.apache.catalina.startup.VersionLoggerListener.log 命令行参数：-Dignore.endorsed.dirs=
29-Jul-2020 20:02:20.129 信息 [main] org.apache.catalina.startup.VersionLoggerListener.log 命令行参数：-Dcatalina.base=C:\apache-tomcat-8.5.56-windows-x64
29-Jul-2020 20:02:20.129 信息 [main] org.apache.catalina.startup.VersionLoggerListener.log 命令行参数：-Dcatalina.home=C:\apache-tomcat-8.5.56-windows-x64
29-Jul-2020 20:02:20.130 信息 [main] org.apache.catalina.startup.VersionLoggerListener.log 命令行参数：-Djava.io.tmpdir=C:\apache-tomcat-8.5.56-windows-x64\temp
29-Jul-2020 20:02:20.130 信息 [main] org.apache.catalina.core.AprLifecycleListener.lifecycleEvent 安装了基于APR的Apache Tomcat Native库的旧版本[1.2.21]，而Tomcat建议使用[1.2.23]的最低版本
29-Jul-2020 20:02:20.130 信息 [main] org.apache.catalina.core.AprLifecycleListener.lifecycleEvent 使用APR版本[1.6.5]加载了基于APR的Apache Tomcat本机库[1.2.21]。
29-Jul-2020 20:02:20.131 信息 [main] org.apache.catalina.core.AprLifecycleListener.lifecycleEvent APR功能：IPv6[true]、sendfile[true]、accept filters[false]、random[true]。
29-Jul-2020 20:02:20.131 信息 [main] org.apache.catalina.core.AprLifecycleListener.lifecycleEvent APR/OpenSSL配置：useAprConnector[false]，useOpenSSL[true]
29-Jul-2020 20:02:20.146 信息 [main] org.apache.catalina.core.AprLifecycleListener.initializeSSL OpenSSL成功初始化 [OpenSSL 1.1.1a  20 Nov 2018]
29-Jul-2020 20:02:21.002 信息 [main] org.apache.coyote.AbstractProtocol.init 初始化协议处理器 ["http-nio-8080"]
29-Jul-2020 20:02:21.321 信息 [main] org.apache.tomcat.util.net.NioSelectorPool.getSharedSelector Using a shared selector for servlet write/read
29-Jul-2020 20:02:21.341 信息 [main] org.apache.catalina.startup.Catalina.load Initialization processed in 2107 ms
29-Jul-2020 20:02:21.411 信息 [main] org.apache.catalina.core.StandardService.startInternal 正在启动服务[Catalina]
29-Jul-2020 20:02:21.411 信息 [main] org.apache.catalina.core.StandardEngine.startInternal Starting Servlet Engine: Apache Tomcat/8.5.56
29-Jul-2020 20:02:21.421 信息 [localhost-startStop-1] org.apache.catalina.startup.HostConfig.deployDirectory 把web 应用程序部署到目录 [C:\apache-tomcat-8.5.56-windows-x64\webapps\docs]
29-Jul-2020 20:02:21.746 信息 [localhost-startStop-1] org.apache.catalina.startup.HostConfig.deployDirectory Web应用程序目录[C:\apache-tomcat-8.5.56-windows-x64\webapps\docs]的部署已在[304]毫秒内完成
29-Jul-2020 20:02:21.747 信息 [localhost-startStop-1] org.apache.catalina.startup.HostConfig.deployDirectory 把web 应用程序部署到目录 [C:\apache-tomcat-8.5.56-windows-x64\webapps\examples]
29-Jul-2020 20:02:22.768 信息 [localhost-startStop-1] org.apache.catalina.startup.HostConfig.deployDirectory Web应用程序目录[C:\apache-tomcat-8.5.56-windows-x64\webapps\examples]的部署已在[1,021]毫秒内完成
29-Jul-2020 20:02:22.769 信息 [localhost-startStop-1] org.apache.catalina.startup.HostConfig.deployDirectory 把web 应用程序部署到目录 [C:\apache-tomcat-8.5.56-windows-x64\webapps\host-manager]
29-Jul-2020 20:02:22.809 信息 [localhost-startStop-1] org.apache.catalina.startup.HostConfig.deployDirectory Web应用程序目录[C:\apache-tomcat-8.5.56-windows-x64\webapps\host-manager]的部署已在[40]毫秒内完成
29-Jul-2020 20:02:22.809 信息 [localhost-startStop-1] org.apache.catalina.startup.HostConfig.deployDirectory 把web 应用程序部署到目录 [C:\apache-tomcat-8.5.56-windows-x64\webapps\manager]
29-Jul-2020 20:02:22.844 信息 [localhost-startStop-1] org.apache.catalina.startup.HostConfig.deployDirectory Web应用程序目录[C:\apache-tomcat-8.5.56-windows-x64\webapps\manager]的部署已在[34]毫秒内完成
29-Jul-2020 20:02:22.845 信息 [localhost-startStop-1] org.apache.catalina.startup.HostConfig.deployDirectory 把web 应用程序部署到目录 [C:\apache-tomcat-8.5.56-windows-x64\webapps\ROOT]
29-Jul-2020 20:02:22.870 信息 [localhost-startStop-1] org.apache.catalina.startup.HostConfig.deployDirectory Web应用程序目录[C:\apache-tomcat-8.5.56-windows-x64\webapps\ROOT]的部署已在[25]毫秒内完成
29-Jul-2020 20:02:22.870 信息 [localhost-startStop-1] org.apache.catalina.startup.HostConfig.deployDirectory 把web 应用程序部署到目录 [C:\apache-tomcat-8.5.56-windows-x64\webapps\ueditor1_4_3_3-utf8-jsp]
29-Jul-2020 20:02:23.145 信息 [localhost-startStop-1] org.apache.jasper.servlet.TldScanner.scanJars 至少有一个JAR被扫描用于TLD但尚未包含TLD。 为此记录器启用调试日志记录，以获取已扫描但未在其中找到TLD的完整JAR列表。 在扫描期间跳过不需要的JAR可以缩短启动时间和JSP编译时间。
29-Jul-2020 20:02:23.150 信息 [localhost-startStop-1] org.apache.catalina.startup.HostConfig.deployDirectory Web应用程序目录[C:\apache-tomcat-8.5.56-windows-x64\webapps\ueditor1_4_3_3-utf8-jsp]的部署已在[280]毫秒内完成
29-Jul-2020 20:02:23.163 信息 [main] org.apache.coyote.AbstractProtocol.start 开始协议处理句柄["http-nio-8080"]
29-Jul-2020 20:02:23.174 信息 [main] org.apache.catalina.startup.Catalina.start Server startup in 1832 ms
