20-Jul-2020 08:26:41.497 信息 [main] org.apache.catalina.startup.VersionLoggerListener.log Server.服务器版本: Apache Tomcat/8.5.56
20-Jul-2020 08:26:41.498 信息 [main] org.apache.catalina.startup.VersionLoggerListener.log 服务器构建:        Jun 3 2020 20:18:30 UTC
20-Jul-2020 08:26:41.500 信息 [main] org.apache.catalina.startup.VersionLoggerListener.log 服务器版本号(:     8.5.56.0
20-Jul-2020 08:26:41.500 信息 [main] org.apache.catalina.startup.VersionLoggerListener.log 操作系统名称:      Windows 8.1
20-Jul-2020 08:26:41.500 信息 [main] org.apache.catalina.startup.VersionLoggerListener.log OS.版本:           6.3
20-Jul-2020 08:26:41.500 信息 [main] org.apache.catalina.startup.VersionLoggerListener.log 架构:              amd64
20-Jul-2020 08:26:41.500 信息 [main] org.apache.catalina.startup.VersionLoggerListener.log Java 环境变量:     C:\Program Files\Java\jdk1.8\jre
20-Jul-2020 08:26:41.500 信息 [main] org.apache.catalina.startup.VersionLoggerListener.log Java虚拟机版本:    1.8.0_31-b13
20-Jul-2020 08:26:41.500 信息 [main] org.apache.catalina.startup.VersionLoggerListener.log JVM.供应商:        Oracle Corporation
20-Jul-2020 08:26:41.500 信息 [main] org.apache.catalina.startup.VersionLoggerListener.log CATALINA_BASE:     C:\apache-tomcat-8.5.56-windows-x64
20-Jul-2020 08:26:41.500 信息 [main] org.apache.catalina.startup.VersionLoggerListener.log CATALINA_HOME:     C:\apache-tomcat-8.5.56-windows-x64
20-Jul-2020 08:26:41.500 信息 [main] org.apache.catalina.startup.VersionLoggerListener.log 命令行参数：-Djava.util.logging.config.file=C:\apache-tomcat-8.5.56-windows-x64\conf\logging.properties
20-Jul-2020 08:26:41.500 信息 [main] org.apache.catalina.startup.VersionLoggerListener.log 命令行参数：-Djava.util.logging.manager=org.apache.juli.ClassLoaderLogManager
20-Jul-2020 08:26:41.501 信息 [main] org.apache.catalina.startup.VersionLoggerListener.log 命令行参数：-Djdk.tls.ephemeralDHKeySize=2048
20-Jul-2020 08:26:41.501 信息 [main] org.apache.catalina.startup.VersionLoggerListener.log 命令行参数：-Djava.protocol.handler.pkgs=org.apache.catalina.webresources
20-Jul-2020 08:26:41.501 信息 [main] org.apache.catalina.startup.VersionLoggerListener.log 命令行参数：-Dignore.endorsed.dirs=
20-Jul-2020 08:26:41.501 信息 [main] org.apache.catalina.startup.VersionLoggerListener.log 命令行参数：-Dcatalina.base=C:\apache-tomcat-8.5.56-windows-x64
20-Jul-2020 08:26:41.501 信息 [main] org.apache.catalina.startup.VersionLoggerListener.log 命令行参数：-Dcatalina.home=C:\apache-tomcat-8.5.56-windows-x64
20-Jul-2020 08:26:41.501 信息 [main] org.apache.catalina.startup.VersionLoggerListener.log 命令行参数：-Djava.io.tmpdir=C:\apache-tomcat-8.5.56-windows-x64\temp
20-Jul-2020 08:26:41.501 信息 [main] org.apache.catalina.core.AprLifecycleListener.lifecycleEvent 使用APR版本[1.7.0]加载了基于APR的Apache Tomcat本机库[1.2.24]。
20-Jul-2020 08:26:41.501 信息 [main] org.apache.catalina.core.AprLifecycleListener.lifecycleEvent APR功能：IPv6[true]、sendfile[true]、accept filters[false]、random[true]。
20-Jul-2020 08:26:41.503 信息 [main] org.apache.catalina.core.AprLifecycleListener.lifecycleEvent APR/OpenSSL配置：useAprConnector[false]，useOpenSSL[true]
20-Jul-2020 08:26:41.506 信息 [main] org.apache.catalina.core.AprLifecycleListener.initializeSSL OpenSSL成功初始化 [OpenSSL 1.1.1g  21 Apr 2020]
20-Jul-2020 08:26:41.996 信息 [main] org.apache.coyote.AbstractProtocol.init 初始化协议处理器 ["http-nio-8080"]
20-Jul-2020 08:26:42.046 信息 [main] org.apache.tomcat.util.net.NioSelectorPool.getSharedSelector Using a shared selector for servlet write/read
20-Jul-2020 08:26:42.054 信息 [main] org.apache.catalina.startup.Catalina.load Initialization processed in 782 ms
20-Jul-2020 08:26:42.078 信息 [main] org.apache.catalina.core.StandardService.startInternal 正在启动服务[Catalina]
20-Jul-2020 08:26:42.078 信息 [main] org.apache.catalina.core.StandardEngine.startInternal Starting Servlet Engine: Apache Tomcat/8.5.56
20-Jul-2020 08:26:42.084 信息 [localhost-startStop-1] org.apache.catalina.startup.HostConfig.deployDirectory 把web 应用程序部署到目录 [C:\apache-tomcat-8.5.56-windows-x64\webapps\docs]
20-Jul-2020 08:26:42.273 信息 [localhost-startStop-1] org.apache.catalina.startup.HostConfig.deployDirectory Web应用程序目录[C:\apache-tomcat-8.5.56-windows-x64\webapps\docs]的部署已在[186]毫秒内完成
20-Jul-2020 08:26:42.273 信息 [localhost-startStop-1] org.apache.catalina.startup.HostConfig.deployDirectory 把web 应用程序部署到目录 [C:\apache-tomcat-8.5.56-windows-x64\webapps\examples]
20-Jul-2020 08:26:42.904 信息 [localhost-startStop-1] org.apache.catalina.startup.HostConfig.deployDirectory Web应用程序目录[C:\apache-tomcat-8.5.56-windows-x64\webapps\examples]的部署已在[631]毫秒内完成
20-Jul-2020 08:26:42.904 信息 [localhost-startStop-1] org.apache.catalina.startup.HostConfig.deployDirectory 把web 应用程序部署到目录 [C:\apache-tomcat-8.5.56-windows-x64\webapps\host-manager]
20-Jul-2020 08:26:42.929 信息 [localhost-startStop-1] org.apache.catalina.startup.HostConfig.deployDirectory Web应用程序目录[C:\apache-tomcat-8.5.56-windows-x64\webapps\host-manager]的部署已在[25]毫秒内完成
20-Jul-2020 08:26:42.930 信息 [localhost-startStop-1] org.apache.catalina.startup.HostConfig.deployDirectory 把web 应用程序部署到目录 [C:\apache-tomcat-8.5.56-windows-x64\webapps\manager]
20-Jul-2020 08:26:42.952 信息 [localhost-startStop-1] org.apache.catalina.startup.HostConfig.deployDirectory Web应用程序目录[C:\apache-tomcat-8.5.56-windows-x64\webapps\manager]的部署已在[22]毫秒内完成
20-Jul-2020 08:26:42.952 信息 [localhost-startStop-1] org.apache.catalina.startup.HostConfig.deployDirectory 把web 应用程序部署到目录 [C:\apache-tomcat-8.5.56-windows-x64\webapps\neditor]
20-Jul-2020 08:26:42.970 信息 [localhost-startStop-1] org.apache.catalina.startup.HostConfig.deployDirectory Web应用程序目录[C:\apache-tomcat-8.5.56-windows-x64\webapps\neditor]的部署已在[18]毫秒内完成
20-Jul-2020 08:26:42.971 信息 [localhost-startStop-1] org.apache.catalina.startup.HostConfig.deployDirectory 把web 应用程序部署到目录 [C:\apache-tomcat-8.5.56-windows-x64\webapps\Quill]
20-Jul-2020 08:26:42.982 信息 [localhost-startStop-1] org.apache.catalina.startup.HostConfig.deployDirectory Web应用程序目录[C:\apache-tomcat-8.5.56-windows-x64\webapps\Quill]的部署已在[12]毫秒内完成
20-Jul-2020 08:26:42.982 信息 [localhost-startStop-1] org.apache.catalina.startup.HostConfig.deployDirectory 把web 应用程序部署到目录 [C:\apache-tomcat-8.5.56-windows-x64\webapps\ROOT]
20-Jul-2020 08:26:42.997 信息 [localhost-startStop-1] org.apache.catalina.startup.HostConfig.deployDirectory Web应用程序目录[C:\apache-tomcat-8.5.56-windows-x64\webapps\ROOT]的部署已在[15]毫秒内完成
20-Jul-2020 08:26:42.998 信息 [localhost-startStop-1] org.apache.catalina.startup.HostConfig.deployDirectory 把web 应用程序部署到目录 [C:\apache-tomcat-8.5.56-windows-x64\webapps\ueditor1_4_3_3-utf8-jsp]
20-Jul-2020 08:26:43.168 信息 [localhost-startStop-1] org.apache.jasper.servlet.TldScanner.scanJars 至少有一个JAR被扫描用于TLD但尚未包含TLD。 为此记录器启用调试日志记录，以获取已扫描但未在其中找到TLD的完整JAR列表。 在扫描期间跳过不需要的JAR可以缩短启动时间和JSP编译时间。
20-Jul-2020 08:26:43.170 信息 [localhost-startStop-1] org.apache.catalina.startup.HostConfig.deployDirectory Web应用程序目录[C:\apache-tomcat-8.5.56-windows-x64\webapps\ueditor1_4_3_3-utf8-jsp]的部署已在[172]毫秒内完成
20-Jul-2020 08:26:43.173 信息 [main] org.apache.coyote.AbstractProtocol.start 开始协议处理句柄["http-nio-8080"]
20-Jul-2020 08:26:43.178 信息 [main] org.apache.catalina.startup.Catalina.start Server startup in 1124 ms
20-Jul-2020 09:41:06.312 信息 [main] org.apache.catalina.startup.VersionLoggerListener.log Server.服务器版本: Apache Tomcat/8.5.56
20-Jul-2020 09:41:06.314 信息 [main] org.apache.catalina.startup.VersionLoggerListener.log 服务器构建:        Jun 3 2020 20:18:30 UTC
20-Jul-2020 09:41:06.315 信息 [main] org.apache.catalina.startup.VersionLoggerListener.log 服务器版本号(:     8.5.56.0
20-Jul-2020 09:41:06.315 信息 [main] org.apache.catalina.startup.VersionLoggerListener.log 操作系统名称:      Windows 8.1
20-Jul-2020 09:41:06.315 信息 [main] org.apache.catalina.startup.VersionLoggerListener.log OS.版本:           6.3
20-Jul-2020 09:41:06.315 信息 [main] org.apache.catalina.startup.VersionLoggerListener.log 架构:              amd64
20-Jul-2020 09:41:06.315 信息 [main] org.apache.catalina.startup.VersionLoggerListener.log Java 环境变量:     C:\Program Files\Java\jdk1.8\jre
20-Jul-2020 09:41:06.315 信息 [main] org.apache.catalina.startup.VersionLoggerListener.log Java虚拟机版本:    1.8.0_31-b13
20-Jul-2020 09:41:06.315 信息 [main] org.apache.catalina.startup.VersionLoggerListener.log JVM.供应商:        Oracle Corporation
20-Jul-2020 09:41:06.315 信息 [main] org.apache.catalina.startup.VersionLoggerListener.log CATALINA_BASE:     C:\apache-tomcat-8.5.56-windows-x64
20-Jul-2020 09:41:06.315 信息 [main] org.apache.catalina.startup.VersionLoggerListener.log CATALINA_HOME:     C:\apache-tomcat-8.5.56-windows-x64
20-Jul-2020 09:41:06.316 信息 [main] org.apache.catalina.startup.VersionLoggerListener.log 命令行参数：-Djava.util.logging.config.file=C:\apache-tomcat-8.5.56-windows-x64\conf\logging.properties
20-Jul-2020 09:41:06.316 信息 [main] org.apache.catalina.startup.VersionLoggerListener.log 命令行参数：-Djava.util.logging.manager=org.apache.juli.ClassLoaderLogManager
20-Jul-2020 09:41:06.316 信息 [main] org.apache.catalina.startup.VersionLoggerListener.log 命令行参数：-Djdk.tls.ephemeralDHKeySize=2048
20-Jul-2020 09:41:06.316 信息 [main] org.apache.catalina.startup.VersionLoggerListener.log 命令行参数：-Djava.protocol.handler.pkgs=org.apache.catalina.webresources
20-Jul-2020 09:41:06.316 信息 [main] org.apache.catalina.startup.VersionLoggerListener.log 命令行参数：-Dignore.endorsed.dirs=
20-Jul-2020 09:41:06.316 信息 [main] org.apache.catalina.startup.VersionLoggerListener.log 命令行参数：-Dcatalina.base=C:\apache-tomcat-8.5.56-windows-x64
20-Jul-2020 09:41:06.316 信息 [main] org.apache.catalina.startup.VersionLoggerListener.log 命令行参数：-Dcatalina.home=C:\apache-tomcat-8.5.56-windows-x64
20-Jul-2020 09:41:06.316 信息 [main] org.apache.catalina.startup.VersionLoggerListener.log 命令行参数：-Djava.io.tmpdir=C:\apache-tomcat-8.5.56-windows-x64\temp
20-Jul-2020 09:41:06.316 信息 [main] org.apache.catalina.core.AprLifecycleListener.lifecycleEvent 使用APR版本[1.7.0]加载了基于APR的Apache Tomcat本机库[1.2.24]。
20-Jul-2020 09:41:06.317 信息 [main] org.apache.catalina.core.AprLifecycleListener.lifecycleEvent APR功能：IPv6[true]、sendfile[true]、accept filters[false]、random[true]。
20-Jul-2020 09:41:06.317 信息 [main] org.apache.catalina.core.AprLifecycleListener.lifecycleEvent APR/OpenSSL配置：useAprConnector[false]，useOpenSSL[true]
20-Jul-2020 09:41:06.320 信息 [main] org.apache.catalina.core.AprLifecycleListener.initializeSSL OpenSSL成功初始化 [OpenSSL 1.1.1g  21 Apr 2020]
20-Jul-2020 09:41:06.458 信息 [main] org.apache.catalina.startup.VersionLoggerListener.log Server.服务器版本: Apache Tomcat/8.5.56
20-Jul-2020 09:41:06.459 信息 [main] org.apache.catalina.startup.VersionLoggerListener.log 服务器构建:        Jun 3 2020 20:18:30 UTC
20-Jul-2020 09:41:06.460 信息 [main] org.apache.catalina.startup.VersionLoggerListener.log 服务器版本号(:     8.5.56.0
20-Jul-2020 09:41:06.460 信息 [main] org.apache.catalina.startup.VersionLoggerListener.log 操作系统名称:      Windows 8.1
20-Jul-2020 09:41:06.460 信息 [main] org.apache.catalina.startup.VersionLoggerListener.log OS.版本:           6.3
20-Jul-2020 09:41:06.460 信息 [main] org.apache.catalina.startup.VersionLoggerListener.log 架构:              amd64
20-Jul-2020 09:41:06.460 信息 [main] org.apache.catalina.startup.VersionLoggerListener.log Java 环境变量:     C:\Program Files\Java\jdk1.8\jre
20-Jul-2020 09:41:06.460 信息 [main] org.apache.catalina.startup.VersionLoggerListener.log Java虚拟机版本:    1.8.0_31-b13
20-Jul-2020 09:41:06.460 信息 [main] org.apache.catalina.startup.VersionLoggerListener.log JVM.供应商:        Oracle Corporation
20-Jul-2020 09:41:06.460 信息 [main] org.apache.catalina.startup.VersionLoggerListener.log CATALINA_BASE:     C:\apache-tomcat-8.5.56-windows-x64
20-Jul-2020 09:41:06.460 信息 [main] org.apache.catalina.startup.VersionLoggerListener.log CATALINA_HOME:     C:\apache-tomcat-8.5.56-windows-x64
20-Jul-2020 09:41:06.460 信息 [main] org.apache.catalina.startup.VersionLoggerListener.log 命令行参数：-Djava.util.logging.config.file=C:\apache-tomcat-8.5.56-windows-x64\conf\logging.properties
20-Jul-2020 09:41:06.461 信息 [main] org.apache.catalina.startup.VersionLoggerListener.log 命令行参数：-Djava.util.logging.manager=org.apache.juli.ClassLoaderLogManager
20-Jul-2020 09:41:06.461 信息 [main] org.apache.catalina.startup.VersionLoggerListener.log 命令行参数：-Djdk.tls.ephemeralDHKeySize=2048
20-Jul-2020 09:41:06.461 信息 [main] org.apache.catalina.startup.VersionLoggerListener.log 命令行参数：-Djava.protocol.handler.pkgs=org.apache.catalina.webresources
20-Jul-2020 09:41:06.461 信息 [main] org.apache.catalina.startup.VersionLoggerListener.log 命令行参数：-Dignore.endorsed.dirs=
20-Jul-2020 09:41:06.461 信息 [main] org.apache.catalina.startup.VersionLoggerListener.log 命令行参数：-Dcatalina.base=C:\apache-tomcat-8.5.56-windows-x64
20-Jul-2020 09:41:06.461 信息 [main] org.apache.catalina.startup.VersionLoggerListener.log 命令行参数：-Dcatalina.home=C:\apache-tomcat-8.5.56-windows-x64
20-Jul-2020 09:41:06.461 信息 [main] org.apache.catalina.startup.VersionLoggerListener.log 命令行参数：-Djava.io.tmpdir=C:\apache-tomcat-8.5.56-windows-x64\temp
20-Jul-2020 09:41:06.461 信息 [main] org.apache.catalina.core.AprLifecycleListener.lifecycleEvent 使用APR版本[1.7.0]加载了基于APR的Apache Tomcat本机库[1.2.24]。
20-Jul-2020 09:41:06.461 信息 [main] org.apache.catalina.core.AprLifecycleListener.lifecycleEvent APR功能：IPv6[true]、sendfile[true]、accept filters[false]、random[true]。
20-Jul-2020 09:41:06.462 信息 [main] org.apache.catalina.core.AprLifecycleListener.lifecycleEvent APR/OpenSSL配置：useAprConnector[false]，useOpenSSL[true]
20-Jul-2020 09:41:06.464 信息 [main] org.apache.catalina.core.AprLifecycleListener.initializeSSL OpenSSL成功初始化 [OpenSSL 1.1.1g  21 Apr 2020]
20-Jul-2020 09:41:06.517 信息 [main] org.apache.coyote.AbstractProtocol.init 初始化协议处理器 ["http-nio-8080"]
20-Jul-2020 09:41:06.556 信息 [main] org.apache.tomcat.util.net.NioSelectorPool.getSharedSelector Using a shared selector for servlet write/read
20-Jul-2020 09:41:06.564 信息 [main] org.apache.catalina.startup.Catalina.load Initialization processed in 497 ms
20-Jul-2020 09:41:06.583 信息 [main] org.apache.catalina.core.StandardService.startInternal 正在启动服务[Catalina]
20-Jul-2020 09:41:06.583 信息 [main] org.apache.catalina.core.StandardEngine.startInternal Starting Servlet Engine: Apache Tomcat/8.5.56
20-Jul-2020 09:41:06.589 信息 [localhost-startStop-1] org.apache.catalina.startup.HostConfig.deployDirectory 把web 应用程序部署到目录 [C:\apache-tomcat-8.5.56-windows-x64\webapps\docs]
20-Jul-2020 09:41:06.667 信息 [main] org.apache.coyote.AbstractProtocol.init 初始化协议处理器 ["http-nio-8080"]
20-Jul-2020 09:41:06.677 严重 [main] org.apache.catalina.core.StandardService.initInternal Failed to initialize connector [Connector[HTTP/1.1-8080]]
	org.apache.catalina.LifecycleException: 协议处理程序初始化失败
		at org.apache.catalina.connector.Connector.initInternal(Connector.java:1077)
		at org.apache.catalina.util.LifecycleBase.init(LifecycleBase.java:136)
		at org.apache.catalina.core.StandardService.initInternal(StandardService.java:552)
		at org.apache.catalina.util.LifecycleBase.init(LifecycleBase.java:136)
		at org.apache.catalina.core.StandardServer.initInternal(StandardServer.java:848)
		at org.apache.catalina.util.LifecycleBase.init(LifecycleBase.java:136)
		at org.apache.catalina.startup.Catalina.load(Catalina.java:639)
		at org.apache.catalina.startup.Catalina.load(Catalina.java:662)
		at sun.reflect.NativeMethodAccessorImpl.invoke0(Native Method)
		at sun.reflect.NativeMethodAccessorImpl.invoke(NativeMethodAccessorImpl.java:62)
		at sun.reflect.DelegatingMethodAccessorImpl.invoke(DelegatingMethodAccessorImpl.java:43)
		at java.lang.reflect.Method.invoke(Method.java:483)
		at org.apache.catalina.startup.Bootstrap.load(Bootstrap.java:303)
		at org.apache.catalina.startup.Bootstrap.main(Bootstrap.java:473)
	Caused by: java.net.BindException: Address already in use: bind
		at sun.nio.ch.Net.bind0(Native Method)
		at sun.nio.ch.Net.bind(Net.java:436)
		at sun.nio.ch.Net.bind(Net.java:428)
		at sun.nio.ch.ServerSocketChannelImpl.bind(ServerSocketChannelImpl.java:214)
		at sun.nio.ch.ServerSocketAdaptor.bind(ServerSocketAdaptor.java:74)
		at org.apache.tomcat.util.net.NioEndpoint.bind(NioEndpoint.java:221)
		at org.apache.tomcat.util.net.AbstractEndpoint.init(AbstractEndpoint.java:1118)
		at org.apache.tomcat.util.net.AbstractJsseEndpoint.init(AbstractJsseEndpoint.java:222)
		at org.apache.coyote.AbstractProtocol.init(AbstractProtocol.java:587)
		at org.apache.coyote.http11.AbstractHttp11Protocol.init(AbstractHttp11Protocol.java:74)
		at org.apache.catalina.connector.Connector.initInternal(Connector.java:1075)
		... 13 more
20-Jul-2020 09:41:06.678 信息 [main] org.apache.catalina.startup.Catalina.load Initialization processed in 467 ms
20-Jul-2020 09:41:06.696 信息 [main] org.apache.catalina.core.StandardService.startInternal 正在启动服务[Catalina]
20-Jul-2020 09:41:06.696 信息 [main] org.apache.catalina.core.StandardEngine.startInternal Starting Servlet Engine: Apache Tomcat/8.5.56
20-Jul-2020 09:41:06.702 信息 [localhost-startStop-1] org.apache.catalina.startup.HostConfig.deployDirectory 把web 应用程序部署到目录 [C:\apache-tomcat-8.5.56-windows-x64\webapps\docs]
20-Jul-2020 09:41:06.767 信息 [localhost-startStop-1] org.apache.catalina.startup.HostConfig.deployDirectory Web应用程序目录[C:\apache-tomcat-8.5.56-windows-x64\webapps\docs]的部署已在[176]毫秒内完成
20-Jul-2020 09:41:06.767 信息 [localhost-startStop-1] org.apache.catalina.startup.HostConfig.deployDirectory 把web 应用程序部署到目录 [C:\apache-tomcat-8.5.56-windows-x64\webapps\examples]
20-Jul-2020 09:41:06.886 信息 [localhost-startStop-1] org.apache.catalina.startup.HostConfig.deployDirectory Web应用程序目录[C:\apache-tomcat-8.5.56-windows-x64\webapps\docs]的部署已在[182]毫秒内完成
20-Jul-2020 09:41:06.886 信息 [localhost-startStop-1] org.apache.catalina.startup.HostConfig.deployDirectory 把web 应用程序部署到目录 [C:\apache-tomcat-8.5.56-windows-x64\webapps\examples]
20-Jul-2020 09:41:06.968 信息 [localhost-startStop-1] org.apache.catalina.startup.HostConfig.deployDirectory Web应用程序目录[C:\apache-tomcat-8.5.56-windows-x64\webapps\examples]的部署已在[201]毫秒内完成
20-Jul-2020 09:41:06.969 信息 [localhost-startStop-1] org.apache.catalina.startup.HostConfig.deployDirectory 把web 应用程序部署到目录 [C:\apache-tomcat-8.5.56-windows-x64\webapps\host-manager]
20-Jul-2020 09:41:06.988 信息 [localhost-startStop-1] org.apache.catalina.startup.HostConfig.deployDirectory Web应用程序目录[C:\apache-tomcat-8.5.56-windows-x64\webapps\host-manager]的部署已在[19]毫秒内完成
20-Jul-2020 09:41:06.988 信息 [localhost-startStop-1] org.apache.catalina.startup.HostConfig.deployDirectory 把web 应用程序部署到目录 [C:\apache-tomcat-8.5.56-windows-x64\webapps\manager]
20-Jul-2020 09:41:07.003 信息 [localhost-startStop-1] org.apache.catalina.startup.HostConfig.deployDirectory Web应用程序目录[C:\apache-tomcat-8.5.56-windows-x64\webapps\manager]的部署已在[15]毫秒内完成
20-Jul-2020 09:41:07.003 信息 [localhost-startStop-1] org.apache.catalina.startup.HostConfig.deployDirectory 把web 应用程序部署到目录 [C:\apache-tomcat-8.5.56-windows-x64\webapps\neditor]
20-Jul-2020 09:41:07.018 信息 [localhost-startStop-1] org.apache.catalina.startup.HostConfig.deployDirectory Web应用程序目录[C:\apache-tomcat-8.5.56-windows-x64\webapps\neditor]的部署已在[15]毫秒内完成
20-Jul-2020 09:41:07.018 信息 [localhost-startStop-1] org.apache.catalina.startup.HostConfig.deployDirectory 把web 应用程序部署到目录 [C:\apache-tomcat-8.5.56-windows-x64\webapps\Quill]
20-Jul-2020 09:41:07.030 信息 [localhost-startStop-1] org.apache.catalina.startup.HostConfig.deployDirectory Web应用程序目录[C:\apache-tomcat-8.5.56-windows-x64\webapps\Quill]的部署已在[12]毫秒内完成
20-Jul-2020 09:41:07.030 信息 [localhost-startStop-1] org.apache.catalina.startup.HostConfig.deployDirectory 把web 应用程序部署到目录 [C:\apache-tomcat-8.5.56-windows-x64\webapps\ROOT]
20-Jul-2020 09:41:07.043 信息 [localhost-startStop-1] org.apache.catalina.startup.HostConfig.deployDirectory Web应用程序目录[C:\apache-tomcat-8.5.56-windows-x64\webapps\ROOT]的部署已在[13]毫秒内完成
20-Jul-2020 09:41:07.044 信息 [localhost-startStop-1] org.apache.catalina.startup.HostConfig.deployDirectory 把web 应用程序部署到目录 [C:\apache-tomcat-8.5.56-windows-x64\webapps\ueditor1_4_3_3-utf8-jsp]
20-Jul-2020 09:41:07.075 信息 [localhost-startStop-1] org.apache.jasper.servlet.TldScanner.scanJars 至少有一个JAR被扫描用于TLD但尚未包含TLD。 为此记录器启用调试日志记录，以获取已扫描但未在其中找到TLD的完整JAR列表。 在扫描期间跳过不需要的JAR可以缩短启动时间和JSP编译时间。
20-Jul-2020 09:41:07.078 信息 [localhost-startStop-1] org.apache.catalina.startup.HostConfig.deployDirectory Web应用程序目录[C:\apache-tomcat-8.5.56-windows-x64\webapps\ueditor1_4_3_3-utf8-jsp]的部署已在[34]毫秒内完成
20-Jul-2020 09:41:07.081 信息 [main] org.apache.coyote.AbstractProtocol.start 开始协议处理句柄["http-nio-8080"]
20-Jul-2020 09:41:07.085 信息 [localhost-startStop-1] org.apache.catalina.startup.HostConfig.deployDirectory Web应用程序目录[C:\apache-tomcat-8.5.56-windows-x64\webapps\examples]的部署已在[198]毫秒内完成
20-Jul-2020 09:41:07.085 信息 [localhost-startStop-1] org.apache.catalina.startup.HostConfig.deployDirectory 把web 应用程序部署到目录 [C:\apache-tomcat-8.5.56-windows-x64\webapps\host-manager]
20-Jul-2020 09:41:07.087 信息 [main] org.apache.catalina.startup.Catalina.start Server startup in 523 ms
20-Jul-2020 09:41:07.103 信息 [localhost-startStop-1] org.apache.catalina.startup.HostConfig.deployDirectory Web应用程序目录[C:\apache-tomcat-8.5.56-windows-x64\webapps\host-manager]的部署已在[18]毫秒内完成
20-Jul-2020 09:41:07.104 信息 [localhost-startStop-1] org.apache.catalina.startup.HostConfig.deployDirectory 把web 应用程序部署到目录 [C:\apache-tomcat-8.5.56-windows-x64\webapps\manager]
20-Jul-2020 09:41:07.117 信息 [localhost-startStop-1] org.apache.catalina.startup.HostConfig.deployDirectory Web应用程序目录[C:\apache-tomcat-8.5.56-windows-x64\webapps\manager]的部署已在[13]毫秒内完成
20-Jul-2020 09:41:07.118 信息 [localhost-startStop-1] org.apache.catalina.startup.HostConfig.deployDirectory 把web 应用程序部署到目录 [C:\apache-tomcat-8.5.56-windows-x64\webapps\neditor]
20-Jul-2020 09:41:07.132 信息 [localhost-startStop-1] org.apache.catalina.startup.HostConfig.deployDirectory Web应用程序目录[C:\apache-tomcat-8.5.56-windows-x64\webapps\neditor]的部署已在[14]毫秒内完成
20-Jul-2020 09:41:07.132 信息 [localhost-startStop-1] org.apache.catalina.startup.HostConfig.deployDirectory 把web 应用程序部署到目录 [C:\apache-tomcat-8.5.56-windows-x64\webapps\Quill]
20-Jul-2020 09:41:07.142 信息 [localhost-startStop-1] org.apache.catalina.startup.HostConfig.deployDirectory Web应用程序目录[C:\apache-tomcat-8.5.56-windows-x64\webapps\Quill]的部署已在[10]毫秒内完成
20-Jul-2020 09:41:07.142 信息 [localhost-startStop-1] org.apache.catalina.startup.HostConfig.deployDirectory 把web 应用程序部署到目录 [C:\apache-tomcat-8.5.56-windows-x64\webapps\ROOT]
20-Jul-2020 09:41:07.153 信息 [localhost-startStop-1] org.apache.catalina.startup.HostConfig.deployDirectory Web应用程序目录[C:\apache-tomcat-8.5.56-windows-x64\webapps\ROOT]的部署已在[11]毫秒内完成
20-Jul-2020 09:41:07.153 信息 [localhost-startStop-1] org.apache.catalina.startup.HostConfig.deployDirectory 把web 应用程序部署到目录 [C:\apache-tomcat-8.5.56-windows-x64\webapps\ueditor1_4_3_3-utf8-jsp]
20-Jul-2020 09:41:07.177 信息 [localhost-startStop-1] org.apache.jasper.servlet.TldScanner.scanJars 至少有一个JAR被扫描用于TLD但尚未包含TLD。 为此记录器启用调试日志记录，以获取已扫描但未在其中找到TLD的完整JAR列表。 在扫描期间跳过不需要的JAR可以缩短启动时间和JSP编译时间。
20-Jul-2020 09:41:07.179 信息 [localhost-startStop-1] org.apache.catalina.startup.HostConfig.deployDirectory Web应用程序目录[C:\apache-tomcat-8.5.56-windows-x64\webapps\ueditor1_4_3_3-utf8-jsp]的部署已在[26]毫秒内完成
20-Jul-2020 09:41:07.181 信息 [main] org.apache.catalina.startup.Catalina.start Server startup in 501 ms
20-Jul-2020 09:41:07.183 严重 [main] org.apache.catalina.core.StandardServer.await StandardServer.await: create[localhost:8005]: 
	java.net.BindException: Address already in use: JVM_Bind
		at java.net.DualStackPlainSocketImpl.bind0(Native Method)
		at java.net.DualStackPlainSocketImpl.socketBind(DualStackPlainSocketImpl.java:106)
		at java.net.AbstractPlainSocketImpl.bind(AbstractPlainSocketImpl.java:382)
		at java.net.PlainSocketImpl.bind(PlainSocketImpl.java:190)
		at java.net.ServerSocket.bind(ServerSocket.java:375)
		at java.net.ServerSocket.<init>(ServerSocket.java:237)
		at org.apache.catalina.core.StandardServer.await(StandardServer.java:421)
		at org.apache.catalina.startup.Catalina.await(Catalina.java:776)
		at org.apache.catalina.startup.Catalina.start(Catalina.java:722)
		at sun.reflect.NativeMethodAccessorImpl.invoke0(Native Method)
		at sun.reflect.NativeMethodAccessorImpl.invoke(NativeMethodAccessorImpl.java:62)
		at sun.reflect.DelegatingMethodAccessorImpl.invoke(DelegatingMethodAccessorImpl.java:43)
		at java.lang.reflect.Method.invoke(Method.java:483)
		at org.apache.catalina.startup.Bootstrap.start(Bootstrap.java:343)
		at org.apache.catalina.startup.Bootstrap.main(Bootstrap.java:474)
20-Jul-2020 09:41:07.183 信息 [main] org.apache.coyote.AbstractProtocol.pause 暂停ProtocolHandler["http-nio-8080"]
20-Jul-2020 09:41:07.183 信息 [main] org.apache.catalina.core.StandardService.stopInternal 正在停止服务[Catalina]
20-Jul-2020 09:41:07.200 信息 [main] org.apache.coyote.AbstractProtocol.stop 正在停止ProtocolHandler ["http-nio-8080"]
20-Jul-2020 09:41:07.200 信息 [main] org.apache.coyote.AbstractProtocol.destroy 正在摧毁协议处理器 ["http-nio-8080"]
20-Jul-2020 10:05:27.601 信息 [main] org.apache.catalina.startup.VersionLoggerListener.log Server.服务器版本: Apache Tomcat/8.5.56
20-Jul-2020 10:05:27.603 信息 [main] org.apache.catalina.startup.VersionLoggerListener.log 服务器构建:        Jun 3 2020 20:18:30 UTC
20-Jul-2020 10:05:27.603 信息 [main] org.apache.catalina.startup.VersionLoggerListener.log 服务器版本号(:     8.5.56.0
20-Jul-2020 10:05:27.603 信息 [main] org.apache.catalina.startup.VersionLoggerListener.log 操作系统名称:      Windows 8.1
20-Jul-2020 10:05:27.603 信息 [main] org.apache.catalina.startup.VersionLoggerListener.log OS.版本:           6.3
20-Jul-2020 10:05:27.603 信息 [main] org.apache.catalina.startup.VersionLoggerListener.log 架构:              amd64
20-Jul-2020 10:05:27.603 信息 [main] org.apache.catalina.startup.VersionLoggerListener.log Java 环境变量:     C:\Program Files\Java\jdk1.8\jre
20-Jul-2020 10:05:27.603 信息 [main] org.apache.catalina.startup.VersionLoggerListener.log Java虚拟机版本:    1.8.0_31-b13
20-Jul-2020 10:05:27.603 信息 [main] org.apache.catalina.startup.VersionLoggerListener.log JVM.供应商:        Oracle Corporation
20-Jul-2020 10:05:27.603 信息 [main] org.apache.catalina.startup.VersionLoggerListener.log CATALINA_BASE:     C:\apache-tomcat-8.5.56-windows-x64
20-Jul-2020 10:05:27.604 信息 [main] org.apache.catalina.startup.VersionLoggerListener.log CATALINA_HOME:     C:\apache-tomcat-8.5.56-windows-x64
20-Jul-2020 10:05:27.604 信息 [main] org.apache.catalina.startup.VersionLoggerListener.log 命令行参数：-Djava.util.logging.config.file=C:\apache-tomcat-8.5.56-windows-x64\conf\logging.properties
20-Jul-2020 10:05:27.604 信息 [main] org.apache.catalina.startup.VersionLoggerListener.log 命令行参数：-Djava.util.logging.manager=org.apache.juli.ClassLoaderLogManager
20-Jul-2020 10:05:27.604 信息 [main] org.apache.catalina.startup.VersionLoggerListener.log 命令行参数：-Djdk.tls.ephemeralDHKeySize=2048
20-Jul-2020 10:05:27.604 信息 [main] org.apache.catalina.startup.VersionLoggerListener.log 命令行参数：-Djava.protocol.handler.pkgs=org.apache.catalina.webresources
20-Jul-2020 10:05:27.604 信息 [main] org.apache.catalina.startup.VersionLoggerListener.log 命令行参数：-Dignore.endorsed.dirs=
20-Jul-2020 10:05:27.604 信息 [main] org.apache.catalina.startup.VersionLoggerListener.log 命令行参数：-Dcatalina.base=C:\apache-tomcat-8.5.56-windows-x64
20-Jul-2020 10:05:27.604 信息 [main] org.apache.catalina.startup.VersionLoggerListener.log 命令行参数：-Dcatalina.home=C:\apache-tomcat-8.5.56-windows-x64
20-Jul-2020 10:05:27.604 信息 [main] org.apache.catalina.startup.VersionLoggerListener.log 命令行参数：-Djava.io.tmpdir=C:\apache-tomcat-8.5.56-windows-x64\temp
20-Jul-2020 10:05:27.605 信息 [main] org.apache.catalina.core.AprLifecycleListener.lifecycleEvent 使用APR版本[1.7.0]加载了基于APR的Apache Tomcat本机库[1.2.24]。
20-Jul-2020 10:05:27.605 信息 [main] org.apache.catalina.core.AprLifecycleListener.lifecycleEvent APR功能：IPv6[true]、sendfile[true]、accept filters[false]、random[true]。
20-Jul-2020 10:05:27.605 信息 [main] org.apache.catalina.core.AprLifecycleListener.lifecycleEvent APR/OpenSSL配置：useAprConnector[false]，useOpenSSL[true]
20-Jul-2020 10:05:27.608 信息 [main] org.apache.catalina.core.AprLifecycleListener.initializeSSL OpenSSL成功初始化 [OpenSSL 1.1.1g  21 Apr 2020]
20-Jul-2020 10:05:27.791 信息 [main] org.apache.coyote.AbstractProtocol.init 初始化协议处理器 ["http-nio-8080"]
20-Jul-2020 10:05:27.820 信息 [main] org.apache.tomcat.util.net.NioSelectorPool.getSharedSelector Using a shared selector for servlet write/read
20-Jul-2020 10:05:27.828 信息 [main] org.apache.catalina.startup.Catalina.load Initialization processed in 450 ms
20-Jul-2020 10:05:27.843 信息 [main] org.apache.catalina.core.StandardService.startInternal 正在启动服务[Catalina]
20-Jul-2020 10:05:27.844 信息 [main] org.apache.catalina.core.StandardEngine.startInternal Starting Servlet Engine: Apache Tomcat/8.5.56
20-Jul-2020 10:05:27.849 信息 [localhost-startStop-1] org.apache.catalina.startup.HostConfig.deployDirectory 把web 应用程序部署到目录 [C:\apache-tomcat-8.5.56-windows-x64\webapps\docs]
20-Jul-2020 10:05:28.010 信息 [localhost-startStop-1] org.apache.catalina.startup.HostConfig.deployDirectory Web应用程序目录[C:\apache-tomcat-8.5.56-windows-x64\webapps\docs]的部署已在[160]毫秒内完成
20-Jul-2020 10:05:28.011 信息 [localhost-startStop-1] org.apache.catalina.startup.HostConfig.deployDirectory 把web 应用程序部署到目录 [C:\apache-tomcat-8.5.56-windows-x64\webapps\examples]
20-Jul-2020 10:05:28.185 信息 [localhost-startStop-1] org.apache.catalina.startup.HostConfig.deployDirectory Web应用程序目录[C:\apache-tomcat-8.5.56-windows-x64\webapps\examples]的部署已在[174]毫秒内完成
20-Jul-2020 10:05:28.185 信息 [localhost-startStop-1] org.apache.catalina.startup.HostConfig.deployDirectory 把web 应用程序部署到目录 [C:\apache-tomcat-8.5.56-windows-x64\webapps\host-manager]
20-Jul-2020 10:05:28.202 信息 [localhost-startStop-1] org.apache.catalina.startup.HostConfig.deployDirectory Web应用程序目录[C:\apache-tomcat-8.5.56-windows-x64\webapps\host-manager]的部署已在[17]毫秒内完成
20-Jul-2020 10:05:28.202 信息 [localhost-startStop-1] org.apache.catalina.startup.HostConfig.deployDirectory 把web 应用程序部署到目录 [C:\apache-tomcat-8.5.56-windows-x64\webapps\manager]
20-Jul-2020 10:05:28.216 信息 [localhost-startStop-1] org.apache.catalina.startup.HostConfig.deployDirectory Web应用程序目录[C:\apache-tomcat-8.5.56-windows-x64\webapps\manager]的部署已在[14]毫秒内完成
20-Jul-2020 10:05:28.216 信息 [localhost-startStop-1] org.apache.catalina.startup.HostConfig.deployDirectory 把web 应用程序部署到目录 [C:\apache-tomcat-8.5.56-windows-x64\webapps\neditor]
20-Jul-2020 10:05:28.231 信息 [localhost-startStop-1] org.apache.catalina.startup.HostConfig.deployDirectory Web应用程序目录[C:\apache-tomcat-8.5.56-windows-x64\webapps\neditor]的部署已在[15]毫秒内完成
20-Jul-2020 10:05:28.232 信息 [localhost-startStop-1] org.apache.catalina.startup.HostConfig.deployDirectory 把web 应用程序部署到目录 [C:\apache-tomcat-8.5.56-windows-x64\webapps\Quill]
20-Jul-2020 10:05:28.243 信息 [localhost-startStop-1] org.apache.catalina.startup.HostConfig.deployDirectory Web应用程序目录[C:\apache-tomcat-8.5.56-windows-x64\webapps\Quill]的部署已在[11]毫秒内完成
20-Jul-2020 10:05:28.243 信息 [localhost-startStop-1] org.apache.catalina.startup.HostConfig.deployDirectory 把web 应用程序部署到目录 [C:\apache-tomcat-8.5.56-windows-x64\webapps\ROOT]
20-Jul-2020 10:05:28.254 信息 [localhost-startStop-1] org.apache.catalina.startup.HostConfig.deployDirectory Web应用程序目录[C:\apache-tomcat-8.5.56-windows-x64\webapps\ROOT]的部署已在[11]毫秒内完成
20-Jul-2020 10:05:28.254 信息 [localhost-startStop-1] org.apache.catalina.startup.HostConfig.deployDirectory 把web 应用程序部署到目录 [C:\apache-tomcat-8.5.56-windows-x64\webapps\ueditor1_4_3_3-utf8-jsp]
20-Jul-2020 10:05:28.279 信息 [localhost-startStop-1] org.apache.jasper.servlet.TldScanner.scanJars 至少有一个JAR被扫描用于TLD但尚未包含TLD。 为此记录器启用调试日志记录，以获取已扫描但未在其中找到TLD的完整JAR列表。 在扫描期间跳过不需要的JAR可以缩短启动时间和JSP编译时间。
20-Jul-2020 10:05:28.280 信息 [localhost-startStop-1] org.apache.catalina.startup.HostConfig.deployDirectory Web应用程序目录[C:\apache-tomcat-8.5.56-windows-x64\webapps\ueditor1_4_3_3-utf8-jsp]的部署已在[26]毫秒内完成
20-Jul-2020 10:05:28.282 信息 [main] org.apache.coyote.AbstractProtocol.start 开始协议处理句柄["http-nio-8080"]
20-Jul-2020 10:05:28.288 信息 [main] org.apache.catalina.startup.Catalina.start Server startup in 461 ms
20-Jul-2020 14:41:42.908 信息 [ContainerBackgroundProcessor[StandardEngine[Catalina]]] org.apache.catalina.startup.HostConfig.undeploy 正在取消部署上下文[/Quill]
20-Jul-2020 14:41:43.422 信息 [ContainerBackgroundProcessor[StandardEngine[Catalina]]] org.apache.catalina.startup.HostConfig.undeploy 正在取消部署上下文[/neditor]
