18-Jul-2020 15:47:55.289 信息 [main] org.apache.catalina.startup.VersionLoggerListener.log Server.服务器版本: Apache Tomcat/8.5.56
18-Jul-2020 15:47:55.369 信息 [main] org.apache.catalina.startup.VersionLoggerListener.log 服务器构建:        Jun 3 2020 20:18:30 UTC
18-Jul-2020 15:47:55.382 信息 [main] org.apache.catalina.startup.VersionLoggerListener.log 服务器版本号(:     8.5.56.0
18-Jul-2020 15:47:55.382 信息 [main] org.apache.catalina.startup.VersionLoggerListener.log 操作系统名称:      Windows 10
18-Jul-2020 15:47:55.382 信息 [main] org.apache.catalina.startup.VersionLoggerListener.log OS.版本:           10.0
18-Jul-2020 15:47:55.383 信息 [main] org.apache.catalina.startup.VersionLoggerListener.log 架构:              amd64
18-Jul-2020 15:47:55.383 信息 [main] org.apache.catalina.startup.VersionLoggerListener.log Java 环境变量:     F:\java\javaInstallPlace\jdk8_Installplace\jre
18-Jul-2020 15:47:55.383 信息 [main] org.apache.catalina.startup.VersionLoggerListener.log Java虚拟机版本:    1.8.0_191-b12
18-Jul-2020 15:47:55.383 信息 [main] org.apache.catalina.startup.VersionLoggerListener.log JVM.供应商:        Oracle Corporation
18-Jul-2020 15:47:55.384 信息 [main] org.apache.catalina.startup.VersionLoggerListener.log CATALINA_BASE:     C:\apache-tomcat-8.5.56-windows-x64
18-Jul-2020 15:47:55.384 信息 [main] org.apache.catalina.startup.VersionLoggerListener.log CATALINA_HOME:     C:\apache-tomcat-8.5.56-windows-x64
18-Jul-2020 15:47:55.384 信息 [main] org.apache.catalina.startup.VersionLoggerListener.log 命令行参数：-Djava.util.logging.config.file=C:\apache-tomcat-8.5.56-windows-x64\conf\logging.properties
18-Jul-2020 15:47:55.385 信息 [main] org.apache.catalina.startup.VersionLoggerListener.log 命令行参数：-Djava.util.logging.manager=org.apache.juli.ClassLoaderLogManager
18-Jul-2020 15:47:55.385 信息 [main] org.apache.catalina.startup.VersionLoggerListener.log 命令行参数：-Djdk.tls.ephemeralDHKeySize=2048
18-Jul-2020 15:47:55.385 信息 [main] org.apache.catalina.startup.VersionLoggerListener.log 命令行参数：-Djava.protocol.handler.pkgs=org.apache.catalina.webresources
18-Jul-2020 15:47:55.385 信息 [main] org.apache.catalina.startup.VersionLoggerListener.log 命令行参数：-Dignore.endorsed.dirs=
18-Jul-2020 15:47:55.385 信息 [main] org.apache.catalina.startup.VersionLoggerListener.log 命令行参数：-Dcatalina.base=C:\apache-tomcat-8.5.56-windows-x64
18-Jul-2020 15:47:55.386 信息 [main] org.apache.catalina.startup.VersionLoggerListener.log 命令行参数：-Dcatalina.home=C:\apache-tomcat-8.5.56-windows-x64
18-Jul-2020 15:47:55.386 信息 [main] org.apache.catalina.startup.VersionLoggerListener.log 命令行参数：-Djava.io.tmpdir=C:\apache-tomcat-8.5.56-windows-x64\temp
18-Jul-2020 15:47:55.387 信息 [main] org.apache.catalina.core.AprLifecycleListener.lifecycleEvent 安装了基于APR的Apache Tomcat Native库的旧版本[1.2.21]，而Tomcat建议使用[1.2.23]的最低版本
18-Jul-2020 15:47:55.388 信息 [main] org.apache.catalina.core.AprLifecycleListener.lifecycleEvent 使用APR版本[1.6.5]加载了基于APR的Apache Tomcat本机库[1.2.21]。
18-Jul-2020 15:47:55.388 信息 [main] org.apache.catalina.core.AprLifecycleListener.lifecycleEvent APR功能：IPv6[true]、sendfile[true]、accept filters[false]、random[true]。
18-Jul-2020 15:47:55.389 信息 [main] org.apache.catalina.core.AprLifecycleListener.lifecycleEvent APR/OpenSSL配置：useAprConnector[false]，useOpenSSL[true]
18-Jul-2020 15:47:55.407 信息 [main] org.apache.catalina.core.AprLifecycleListener.initializeSSL OpenSSL成功初始化 [OpenSSL 1.1.1a  20 Nov 2018]
18-Jul-2020 15:47:56.251 信息 [main] org.apache.coyote.AbstractProtocol.init 初始化协议处理器 ["http-nio-8080"]
18-Jul-2020 15:47:56.664 信息 [main] org.apache.tomcat.util.net.NioSelectorPool.getSharedSelector Using a shared selector for servlet write/read
18-Jul-2020 15:47:56.677 信息 [main] org.apache.catalina.startup.Catalina.load Initialization processed in 2531 ms
18-Jul-2020 15:47:56.764 信息 [main] org.apache.catalina.core.StandardService.startInternal 正在启动服务[Catalina]
18-Jul-2020 15:47:56.764 信息 [main] org.apache.catalina.core.StandardEngine.startInternal Starting Servlet Engine: Apache Tomcat/8.5.56
18-Jul-2020 15:47:56.776 信息 [localhost-startStop-1] org.apache.catalina.startup.HostConfig.deployDirectory 把web 应用程序部署到目录 [C:\apache-tomcat-8.5.56-windows-x64\webapps\docs]
18-Jul-2020 15:47:57.116 信息 [localhost-startStop-1] org.apache.catalina.startup.HostConfig.deployDirectory Web应用程序目录[C:\apache-tomcat-8.5.56-windows-x64\webapps\docs]的部署已在[281]毫秒内完成
18-Jul-2020 15:47:57.116 信息 [localhost-startStop-1] org.apache.catalina.startup.HostConfig.deployDirectory 把web 应用程序部署到目录 [C:\apache-tomcat-8.5.56-windows-x64\webapps\examples]
18-Jul-2020 15:47:58.193 信息 [localhost-startStop-1] org.apache.catalina.startup.HostConfig.deployDirectory Web应用程序目录[C:\apache-tomcat-8.5.56-windows-x64\webapps\examples]的部署已在[1,077]毫秒内完成
18-Jul-2020 15:47:58.195 信息 [localhost-startStop-1] org.apache.catalina.startup.HostConfig.deployDirectory 把web 应用程序部署到目录 [C:\apache-tomcat-8.5.56-windows-x64\webapps\host-manager]
18-Jul-2020 15:47:58.234 信息 [localhost-startStop-1] org.apache.catalina.startup.HostConfig.deployDirectory Web应用程序目录[C:\apache-tomcat-8.5.56-windows-x64\webapps\host-manager]的部署已在[39]毫秒内完成
18-Jul-2020 15:47:58.235 信息 [localhost-startStop-1] org.apache.catalina.startup.HostConfig.deployDirectory 把web 应用程序部署到目录 [C:\apache-tomcat-8.5.56-windows-x64\webapps\manager]
18-Jul-2020 15:47:58.269 信息 [localhost-startStop-1] org.apache.catalina.startup.HostConfig.deployDirectory Web应用程序目录[C:\apache-tomcat-8.5.56-windows-x64\webapps\manager]的部署已在[34]毫秒内完成
18-Jul-2020 15:47:58.270 信息 [localhost-startStop-1] org.apache.catalina.startup.HostConfig.deployDirectory 把web 应用程序部署到目录 [C:\apache-tomcat-8.5.56-windows-x64\webapps\ROOT]
18-Jul-2020 15:47:58.295 信息 [localhost-startStop-1] org.apache.catalina.startup.HostConfig.deployDirectory Web应用程序目录[C:\apache-tomcat-8.5.56-windows-x64\webapps\ROOT]的部署已在[25]毫秒内完成
18-Jul-2020 15:47:58.296 信息 [localhost-startStop-1] org.apache.catalina.startup.HostConfig.deployDirectory 把web 应用程序部署到目录 [C:\apache-tomcat-8.5.56-windows-x64\webapps\ueditor1_4_3_3-utf8-jsp]
18-Jul-2020 15:47:58.567 信息 [localhost-startStop-1] org.apache.jasper.servlet.TldScanner.scanJars 至少有一个JAR被扫描用于TLD但尚未包含TLD。 为此记录器启用调试日志记录，以获取已扫描但未在其中找到TLD的完整JAR列表。 在扫描期间跳过不需要的JAR可以缩短启动时间和JSP编译时间。
18-Jul-2020 15:47:58.610 信息 [localhost-startStop-1] org.apache.catalina.startup.HostConfig.deployDirectory Web应用程序目录[C:\apache-tomcat-8.5.56-windows-x64\webapps\ueditor1_4_3_3-utf8-jsp]的部署已在[314]毫秒内完成
18-Jul-2020 15:47:58.616 信息 [main] org.apache.coyote.AbstractProtocol.start 开始协议处理句柄["http-nio-8080"]
18-Jul-2020 15:47:58.627 信息 [main] org.apache.catalina.startup.Catalina.start Server startup in 1949 ms
18-Jul-2020 20:43:43.833 信息 [localhost-startStop-2] org.apache.catalina.startup.HostConfig.deployDirectory 把web 应用程序部署到目录 [C:\apache-tomcat-8.5.56-windows-x64\webapps\wangEditor-3.1.1]
18-Jul-2020 20:43:43.905 信息 [localhost-startStop-2] org.apache.catalina.startup.HostConfig.deployDirectory Web应用程序目录[C:\apache-tomcat-8.5.56-windows-x64\webapps\wangEditor-3.1.1]的部署已在[74]毫秒内完成
18-Jul-2020 20:51:04.580 信息 [ContainerBackgroundProcessor[StandardEngine[Catalina]]] org.apache.catalina.startup.HostConfig.undeploy 正在取消部署上下文[/wangEditor-3.1.1]
18-Jul-2020 20:53:54.855 信息 [localhost-startStop-3] org.apache.catalina.startup.HostConfig.deployDirectory 把web 应用程序部署到目录 [C:\apache-tomcat-8.5.56-windows-x64\webapps\新建文件夹]
18-Jul-2020 20:53:54.922 信息 [localhost-startStop-3] org.apache.catalina.startup.HostConfig.deployDirectory Web应用程序目录[C:\apache-tomcat-8.5.56-windows-x64\webapps\新建文件夹]的部署已在[68]毫秒内完成
18-Jul-2020 20:54:05.436 信息 [ContainerBackgroundProcessor[StandardEngine[Catalina]]] org.apache.catalina.startup.HostConfig.undeploy 正在取消部署上下文[/新建文件夹]
18-Jul-2020 20:54:05.532 信息 [localhost-startStop-4] org.apache.catalina.startup.HostConfig.deployDirectory 把web 应用程序部署到目录 [C:\apache-tomcat-8.5.56-windows-x64\webapps\Quill]
18-Jul-2020 20:54:05.585 信息 [localhost-startStop-4] org.apache.catalina.startup.HostConfig.deployDirectory Web应用程序目录[C:\apache-tomcat-8.5.56-windows-x64\webapps\Quill]的部署已在[53]毫秒内完成
18-Jul-2020 21:27:56.262 信息 [localhost-startStop-5] org.apache.catalina.startup.HostConfig.deployDirectory 把web 应用程序部署到目录 [C:\apache-tomcat-8.5.56-windows-x64\webapps\neditor]
18-Jul-2020 21:27:56.292 信息 [localhost-startStop-5] org.apache.catalina.startup.HostConfig.deployDirectory Web应用程序目录[C:\apache-tomcat-8.5.56-windows-x64\webapps\neditor]的部署已在[30]毫秒内完成
